<?xml version="1.0" encoding="UTF-8"?>
<!-- Generated by org.testng.reporters.JUnitXMLReporter -->
<testsuite hostname="LENOVO" ignored="0" name="Default test" tests="3" failures="0" timestamp="21 Jul 2021 03:36:08 GMT" time="0.129" errors="0">
  <testcase name="login" time="0.021" classname="com.tmb.dataProvider.DataProviderDemo"/>
  <testcase name="login" time="0.006" classname="com.tmb.dataProvider.DataProviderDemo"/>
  <testcase name="login" time="0.007" classname="com.tmb.dataProvider.DataProviderDemo"/>
</testsuite> <!-- Default test -->
