<?xml version="1.0" encoding="UTF-8"?>
<testng-results skipped="0" failed="0" ignored="0" total="1" passed="1">
  <reporter-output>
  </reporter-output>
  <suite name="Suite" duration-ms="23679" started-at="2021-07-17T14:44:53Z" finished-at="2021-07-17T14:45:16Z">
    <groups>
    </groups>
    <test name="Test" duration-ms="23679" started-at="2021-07-17T14:44:53Z" finished-at="2021-07-17T14:45:16Z">
      <class name="com.tmb.tests.LoginPageTest">
        <test-method status="PASS" signature="setUp()[pri:0, instance:com.tmb.tests.LoginPageTest@61832929]" name="setUp" is-config="true" duration-ms="12023" started-at="2021-07-17T20:14:53Z" finished-at="2021-07-17T20:15:05Z">
          <reporter-output>
          </reporter-output>
        </test-method> <!-- setUp -->
        <test-method status="PASS" signature="loginLogoutTest()[pri:0, instance:com.tmb.tests.LoginPageTest@61832929]" name="loginLogoutTest" duration-ms="10812" started-at="2021-07-17T20:15:05Z" finished-at="2021-07-17T20:15:15Z">
          <reporter-output>
          </reporter-output>
        </test-method> <!-- loginLogoutTest -->
        <test-method status="PASS" signature="tearDown()[pri:0, instance:com.tmb.tests.LoginPageTest@61832929]" name="tearDown" is-config="true" duration-ms="760" started-at="2021-07-17T20:15:15Z" finished-at="2021-07-17T20:15:16Z">
          <reporter-output>
          </reporter-output>
        </test-method> <!-- tearDown -->
      </class> <!-- com.tmb.tests.LoginPageTest -->
    </test> <!-- Test -->
  </suite> <!-- Suite -->
</testng-results>
